<?xml version="1.0" encoding="UTF-8"?>
<!-- Generated by org.testng.reporters.JUnitReportReporter -->
<testsuite hostname="Saurabhchoudhari" failures="0" tests="1" name="GoogleTestFirefox" time="12.025" errors="0" timestamp="2024-01-22T16:39:50 IST" skipped="0">
  <testcase classname="GoogleTestFirefox" name="homePageCheck" time="12.025"/>
  <system-out/>
</testsuite> <!-- GoogleTestFirefox -->
